<?xml version="1.0" encoding="UTF-8"?>
<!-- Generated by org.testng.reporters.JUnitReportReporter -->
<testsuite hostname="LAPTOP-KEOF98IT" failures="0" tests="1" name="tests.ScenarioTest" time="5.996" errors="0" timestamp="2022-05-16T20:40:41 EEST" skipped="0">
  <testcase classname="tests.ScenarioTest" name="performOperations" time="5.996"/>
  <system-out/>
</testsuite> <!-- tests.ScenarioTest -->
