<?xml version="1.0" encoding="UTF-8"?>
<!-- Generated by org.testng.reporters.JUnitReportReporter -->
<testsuite hostname="LAPTOP-KEOF98IT" failures="0" tests="2" name="tests.AddToCartTest" time="7.425" errors="0" timestamp="2022-05-18T07:42:04 EEST" skipped="0">
  <testcase classname="tests.AddToCartTest" name="addProductToBasket" time="3.718"/>
  <system-out/>
  <testcase classname="tests.AddToCartTest" name="deleteProductFromBasket" time="3.707"/>
  <system-out/>
</testsuite> <!-- tests.AddToCartTest -->
