<?xml version="1.0" encoding="UTF-8"?>
<!-- Generated by org.testng.reporters.JUnitReportReporter -->
<testsuite hostname="LAPTOP-KEOF98IT" failures="0" tests="2" name="tests.LogoutTest" time="7.872" errors="0" timestamp="2022-05-18T07:42:04 EEST" skipped="0">
  <testcase classname="tests.LogoutTest" name="testUnSuccessfulLogout" time="3.536"/>
  <system-out/>
  <testcase classname="tests.LogoutTest" name="testSuccessfulLogout" time="4.336"/>
  <system-out/>
</testsuite> <!-- tests.LogoutTest -->
