<?xml version="1.0" encoding="UTF-8"?>
<!-- Generated by org.testng.reporters.JUnitReportReporter -->
<testsuite hostname="LAPTOP-KEOF98IT" failures="0" tests="2" name="tests.FormAuthenticationTest" time="7.327" errors="0" timestamp="2022-05-18T07:42:04 EEST" skipped="0">
  <testcase classname="tests.FormAuthenticationTest" name="testUnsuccessfulFormAuthentication" time="3.488"/>
  <system-out/>
  <testcase classname="tests.FormAuthenticationTest" name="testSuccessfulFormAuthentication" time="3.839"/>
  <system-out/>
</testsuite> <!-- tests.FormAuthenticationTest -->
