<?xml version="1.0" encoding="UTF-8"?>
<!-- Generated by org.testng.reporters.JUnitReportReporter -->
<testsuite hostname="LAPTOP-KEOF98IT" failures="0" tests="2" name="tests.FormAuthenticationTest" time="7.667" errors="0" timestamp="2022-05-16T16:48:24 EEST" skipped="0">
  <testcase classname="tests.FormAuthenticationTest" name="testSuccessfulFormAuthentication" time="3.423"/>
  <system-out/>
  <testcase classname="tests.FormAuthenticationTest" name="testUnsuccessfulFormAuthentication" time="4.244"/>
  <system-out/>
</testsuite> <!-- tests.FormAuthenticationTest -->
