<?xml version="1.0" encoding="UTF-8"?>
<!-- Generated by org.testng.reporters.JUnitReportReporter -->
<testsuite hostname="LAPTOP-KEOF98IT" failures="0" tests="1" name="tests.ScenarioTest" time="5.288" errors="0" timestamp="2022-05-18T07:42:04 EEST" skipped="0">
  <testcase classname="tests.ScenarioTest" name="performOperations" time="5.288"/>
  <system-out/>
</testsuite> <!-- tests.ScenarioTest -->
