<?xml version="1.0" encoding="UTF-8"?>
<testsuite xmlns:xsi="http://www.w3.org/2001/XMLSchema-instance" xsi:noNamespaceSchemaLocation="https://maven.apache.org/surefire/maven-surefire-plugin/xsd/surefire-test-report.xsd" name="pizzashop.service.PizzaServiceTest" time="0.061" tests="6" errors="0" skipped="0" failures="4">
  <properties>
    <property name="sun.desktop" value="windows"/>
    <property name="awt.toolkit" value="sun.awt.windows.WToolkit"/>
    <property name="java.specification.version" value="11"/>
    <property name="sun.cpu.isalist" value="amd64"/>
    <property name="sun.jnu.encoding" value="Cp1250"/>
    <property name="java.class.path" value="C:\Users\crist\Documents\VVSS\VVSSPizzaShop\03_PizzaShop\target\test-classes;C:\Users\crist\Documents\VVSS\VVSSPizzaShop\03_PizzaShop\target\classes;C:\Users\crist\.m2\repository\org\junit\jupiter\junit-jupiter-engine\5.6.0\junit-jupiter-engine-5.6.0.jar;C:\Users\crist\.m2\repository\org\apiguardian\apiguardian-api\1.1.0\apiguardian-api-1.1.0.jar;C:\Users\crist\.m2\repository\org\junit\platform\junit-platform-engine\1.6.0\junit-platform-engine-1.6.0.jar;C:\Users\crist\.m2\repository\org\junit\jupiter\junit-jupiter-api\5.6.0\junit-jupiter-api-5.6.0.jar;C:\Users\crist\.m2\repository\org\opentest4j\opentest4j\1.2.0\opentest4j-1.2.0.jar;C:\Users\crist\.m2\repository\org\junit\platform\junit-platform-commons\1.6.0\junit-platform-commons-1.6.0.jar;C:\Users\crist\.m2\repository\org\junit\jupiter\junit-jupiter-params\5.6.0\junit-jupiter-params-5.6.0.jar;C:\Users\crist\.m2\repository\org\openjfx\javafx-base\14-ea+4\javafx-base-14-ea+4.jar;C:\Users\crist\.m2\repository\org\openjfx\javafx-base\14-ea+4\javafx-base-14-ea+4-win.jar;C:\Users\crist\.m2\repository\org\openjfx\javafx-graphics\14-ea+4\javafx-graphics-14-ea+4.jar;C:\Users\crist\.m2\repository\org\openjfx\javafx-graphics\14-ea+4\javafx-graphics-14-ea+4-win.jar;C:\Users\crist\.m2\repository\org\openjfx\javafx-controls\14-ea+4\javafx-controls-14-ea+4.jar;C:\Users\crist\.m2\repository\org\openjfx\javafx-controls\14-ea+4\javafx-controls-14-ea+4-win.jar;C:\Users\crist\.m2\repository\org\openjfx\javafx-fxml\14-ea+4\javafx-fxml-14-ea+4.jar;C:\Users\crist\.m2\repository\org\openjfx\javafx-fxml\14-ea+4\javafx-fxml-14-ea+4-win.jar;C:\Users\crist\.m2\repository\org\openjfx\javafx-media\14-ea+4\javafx-media-14-ea+4.jar;C:\Users\crist\.m2\repository\org\openjfx\javafx-media\14-ea+4\javafx-media-14-ea+4-win.jar;C:\Users\crist\.m2\repository\org\openjfx\javafx-swing\14-ea+4\javafx-swing-14-ea+4.jar;C:\Users\crist\.m2\repository\org\openjfx\javafx-swing\14-ea+4\javafx-swing-14-ea+4-win.jar;C:\Users\crist\.m2\repository\org\openjfx\javafx-web\14-ea+4\javafx-web-14-ea+4.jar;C:\Users\crist\.m2\repository\org\openjfx\javafx-web\14-ea+4\javafx-web-14-ea+4-win.jar;C:\Users\crist\.m2\repository\log4j\log4j\1.2.17\log4j-1.2.17.jar;C:\Users\crist\.m2\repository\org\controlsfx\controlsfx\11.0.1\controlsfx-11.0.1.jar;"/>
    <property name="java.vm.vendor" value="Amazon.com Inc."/>
    <property name="sun.arch.data.model" value="64"/>
    <property name="user.variant" value=""/>
    <property name="java.vendor.url" value="https://aws.amazon.com/corretto/"/>
    <property name="user.timezone" value="EET"/>
    <property name="java.vm.specification.version" value="11"/>
    <property name="os.name" value="Windows 10"/>
    <property name="sun.java.launcher" value="SUN_STANDARD"/>
    <property name="user.country" value="RO"/>
    <property name="sun.boot.library.path" value="C:\Users\crist\.jdks\corretto-11.0.8\bin"/>
    <property name="sun.java.command" value="C:\Users\crist\AppData\Local\Temp\surefire6914034400060838382\surefirebooter4220669927851092217.jar C:\Users\crist\AppData\Local\Temp\surefire6914034400060838382 2022-03-28T16-06-22_127-jvmRun1 surefire9777975110075691744tmp surefire_059183079551504582tmp"/>
    <property name="jdk.debug" value="release"/>
    <property name="surefire.test.class.path" value="C:\Users\crist\Documents\VVSS\VVSSPizzaShop\03_PizzaShop\target\test-classes;C:\Users\crist\Documents\VVSS\VVSSPizzaShop\03_PizzaShop\target\classes;C:\Users\crist\.m2\repository\org\junit\jupiter\junit-jupiter-engine\5.6.0\junit-jupiter-engine-5.6.0.jar;C:\Users\crist\.m2\repository\org\apiguardian\apiguardian-api\1.1.0\apiguardian-api-1.1.0.jar;C:\Users\crist\.m2\repository\org\junit\platform\junit-platform-engine\1.6.0\junit-platform-engine-1.6.0.jar;C:\Users\crist\.m2\repository\org\junit\jupiter\junit-jupiter-api\5.6.0\junit-jupiter-api-5.6.0.jar;C:\Users\crist\.m2\repository\org\opentest4j\opentest4j\1.2.0\opentest4j-1.2.0.jar;C:\Users\crist\.m2\repository\org\junit\platform\junit-platform-commons\1.6.0\junit-platform-commons-1.6.0.jar;C:\Users\crist\.m2\repository\org\junit\jupiter\junit-jupiter-params\5.6.0\junit-jupiter-params-5.6.0.jar;C:\Users\crist\.m2\repository\org\openjfx\javafx-base\14-ea+4\javafx-base-14-ea+4.jar;C:\Users\crist\.m2\repository\org\openjfx\javafx-base\14-ea+4\javafx-base-14-ea+4-win.jar;C:\Users\crist\.m2\repository\org\openjfx\javafx-graphics\14-ea+4\javafx-graphics-14-ea+4.jar;C:\Users\crist\.m2\repository\org\openjfx\javafx-graphics\14-ea+4\javafx-graphics-14-ea+4-win.jar;C:\Users\crist\.m2\repository\org\openjfx\javafx-controls\14-ea+4\javafx-controls-14-ea+4.jar;C:\Users\crist\.m2\repository\org\openjfx\javafx-controls\14-ea+4\javafx-controls-14-ea+4-win.jar;C:\Users\crist\.m2\repository\org\openjfx\javafx-fxml\14-ea+4\javafx-fxml-14-ea+4.jar;C:\Users\crist\.m2\repository\org\openjfx\javafx-fxml\14-ea+4\javafx-fxml-14-ea+4-win.jar;C:\Users\crist\.m2\repository\org\openjfx\javafx-media\14-ea+4\javafx-media-14-ea+4.jar;C:\Users\crist\.m2\repository\org\openjfx\javafx-media\14-ea+4\javafx-media-14-ea+4-win.jar;C:\Users\crist\.m2\repository\org\openjfx\javafx-swing\14-ea+4\javafx-swing-14-ea+4.jar;C:\Users\crist\.m2\repository\org\openjfx\javafx-swing\14-ea+4\javafx-swing-14-ea+4-win.jar;C:\Users\crist\.m2\repository\org\openjfx\javafx-web\14-ea+4\javafx-web-14-ea+4.jar;C:\Users\crist\.m2\repository\org\openjfx\javafx-web\14-ea+4\javafx-web-14-ea+4-win.jar;C:\Users\crist\.m2\repository\log4j\log4j\1.2.17\log4j-1.2.17.jar;C:\Users\crist\.m2\repository\org\controlsfx\controlsfx\11.0.1\controlsfx-11.0.1.jar;"/>
    <property name="sun.cpu.endian" value="little"/>
    <property name="user.home" value="C:\Users\crist"/>
    <property name="user.language" value="ro"/>
    <property name="java.specification.vendor" value="Oracle Corporation"/>
    <property name="java.version.date" value="2020-07-14"/>
    <property name="java.home" value="C:\Users\crist\.jdks\corretto-11.0.8"/>
    <property name="file.separator" value="\"/>
    <property name="basedir" value="C:\Users\crist\Documents\VVSS\VVSSPizzaShop\03_PizzaShop"/>
    <property name="java.vm.compressedOopsMode" value="Zero based"/>
    <property name="line.separator" value="&#10;"/>
    <property name="java.specification.name" value="Java Platform API Specification"/>
    <property name="java.vm.specification.vendor" value="Oracle Corporation"/>
    <property name="java.awt.graphicsenv" value="sun.awt.Win32GraphicsEnvironment"/>
    <property name="surefire.real.class.path" value="C:\Users\crist\AppData\Local\Temp\surefire6914034400060838382\surefirebooter4220669927851092217.jar"/>
    <property name="user.script" value=""/>
    <property name="sun.management.compiler" value="HotSpot 64-Bit Tiered Compilers"/>
    <property name="java.runtime.version" value="11.0.8+10-LTS"/>
    <property name="user.name" value="crist"/>
    <property name="path.separator" value=";"/>
    <property name="os.version" value="10.0"/>
    <property name="java.runtime.name" value="OpenJDK Runtime Environment"/>
    <property name="file.encoding" value="Cp1250"/>
    <property name="java.vm.name" value="OpenJDK 64-Bit Server VM"/>
    <property name="java.vendor.version" value="Corretto-11.0.8.10.1"/>
    <property name="localRepository" value="C:\Users\crist\.m2\repository"/>
    <property name="java.vendor.url.bug" value="https://github.com/corretto/corretto-11/issues/"/>
    <property name="java.io.tmpdir" value="C:\Users\crist\AppData\Local\Temp\"/>
    <property name="idea.version" value="2021.3.3"/>
    <property name="java.version" value="11.0.8"/>
    <property name="user.dir" value="C:\Users\crist\Documents\VVSS\VVSSPizzaShop\03_PizzaShop"/>
    <property name="os.arch" value="amd64"/>
    <property name="java.vm.specification.name" value="Java Virtual Machine Specification"/>
    <property name="java.awt.printerjob" value="sun.awt.windows.WPrinterJob"/>
    <property name="sun.os.patch.level" value=""/>
    <property name="java.library.path" value="C:\Users\crist\.jdks\corretto-11.0.8\bin;C:\WINDOWS\Sun\Java\bin;C:\WINDOWS\system32;C:\WINDOWS;C:\Program Files\Microsoft MPI\Bin\;C:\WINDOWS\system32;C:\Program Files\Java\jdk-11.0.13\bin;C:\WINDOWS;C:\Program Files\Common Files\Oracle\Java\javapath;C:\Program Files (x86)\Common Files\Oracle\Java\javapath;C:\WINDOWS\System32\Wbem;C:\WINDOWS\System32\WindowsPowerShell\v1.0\;C:\WINDOWS\System32\OpenSSH\;C:\Program Files (x86)\Microsoft SQL Server\150\Tools\Binn\;C:\Program Files\Microsoft SQL Server\150\Tools\Binn\;C:\Program Files (x86)\Microsoft SQL Server\150\DTS\Binn\;C:\Program Files\Microsoft SQL Server\150\DTS\Binn\;C:\Program Files\Microsoft SQL Server\Client SDK\ODBC\170\Tools\Binn\;C:\Program Files\PuTTY\;C:\Program Files\Git\cmd;C:\Program Files\dotnet\;C:\Users\crist\sqllite;C:\Users\crist\AppData\Local\Programs\Python\Python39\python.exe;C:\MinGW\bin;C:\Program Files\apache-maven-3.8.3\bin;C:\Program Files\nodejs\;C:\Program Files\Polyspace\R2020a\bin;C:\Program Files\Microsoft MPI\Bin\;C:\WINDOWS\system32;C:\WINDOWS;C:\WINDOWS\System32\Wbem;C:\WINDOWS\System32\WindowsPowerShell\v1.0\;C:\WINDOWS\System32\OpenSSH\;C:\Program Files (x86)\Microsoft SQL Server\150\Tools\Binn\;C:\Program Files\Microsoft SQL Server\150\Tools\Binn\;C:\Program Files (x86)\Microsoft SQL Server\150\DTS\Binn\;C:\Program Files\Microsoft SQL Server\150\DTS\Binn\;C:\Program Files\Microsoft SQL Server\Client SDK\ODBC\170\Tools\Binn\;C:\Program Files\PuTTY\;C:\Program Files\Git\cmd;C:\Program Files\dotnet\;C:\Users\crist\sqllite;C:\Users\crist\AppData\Local\Microsoft\WindowsApps;C:\Users\crist\AppData\Local\GitHubDesktop\bin;C:\Users\crist\AppData\Local\Programs\Microsoft VS Code\bin;C:\Users\crist\.dotnet\tools;C:\MinGW\bin;C:\Users\crist\AppData\Local\Programs\Python\Python39\python.exe;C:\MinGW\bin;C:\Users\crist\Documents\MA\flutter_windows_2.5.2-stable\flutter\bin;C:\Program Files\Java\jdk-11.0.13\bin;C:\Program Files\apache-maven-3.8.3\bin;C:\Users\crist\AppData\Roaming\npm;."/>
    <property name="java.vm.info" value="mixed mode"/>
    <property name="java.vendor" value="Amazon.com Inc."/>
    <property name="java.vm.version" value="11.0.8+10-LTS"/>
    <property name="sun.io.unicode.encoding" value="UnicodeLittle"/>
    <property name="java.class.version" value="55.0"/>
  </properties>
  <testcase name="add_payment_ECP_invalid_test1" classname="pizzashop.service.PizzaServiceTest" time="0.035">
    <failure message="expected: not equal but was: &lt;-4,Card,-5.0&gt;" type="org.opentest4j.AssertionFailedError"><![CDATA[org.opentest4j.AssertionFailedError: expected: not equal but was: <-4,Card,-5.0>
	at pizzashop.service.PizzaServiceTest.add_payment_ECP_invalid_test1(PizzaServiceTest.java:68)
]]></failure>
    <system-out><![CDATA[4,Cash,13.97
1,Card,3.45
3,Cash,120.3
8,Cash,45.6
5,Card,42.0
3,Card,66.0
3,Card,45.0
6,Cash,43.0
1,Card,12.5
5,Cash,42.0
1,Card,74.3
-4,Card,-5.0
]]></system-out>
  </testcase>
  <testcase name="add_payment_ECP_invalid_test2" classname="pizzashop.service.PizzaServiceTest" time="0.002">
    <failure message="expected: not equal but was: &lt;50,Cash,0.0&gt;" type="org.opentest4j.AssertionFailedError"><![CDATA[org.opentest4j.AssertionFailedError: expected: not equal but was: <50,Cash,0.0>
	at pizzashop.service.PizzaServiceTest.add_payment_ECP_invalid_test2(PizzaServiceTest.java:55)
]]></failure>
    <system-out><![CDATA[4,Cash,13.97
1,Card,3.45
3,Cash,120.3
8,Cash,45.6
5,Card,42.0
3,Card,66.0
3,Card,45.0
6,Cash,43.0
1,Card,12.5
5,Cash,42.0
1,Card,74.3
-4,Card,-5.0
50,Cash,0.0
]]></system-out>
  </testcase>
  <testcase name="add_payment_ECP_valid_test1" classname="pizzashop.service.PizzaServiceTest" time="0.004"/>
  <testcase name="add_payment_ECP_valid_test2" classname="pizzashop.service.PizzaServiceTest" time="0.004"/>
  <testcase name="add_payment_BVA_invalid_test_1" classname="pizzashop.service.PizzaServiceTest" time="0.003">
    <failure message="expected: not equal but was: &lt;0,Cash,0.0&gt;" type="org.opentest4j.AssertionFailedError"><![CDATA[org.opentest4j.AssertionFailedError: expected: not equal but was: <0,Cash,0.0>
	at pizzashop.service.PizzaServiceTest.add_payment_BVA_invalid_test_1(PizzaServiceTest.java:94)
]]></failure>
    <system-out><![CDATA[4,Cash,13.97
1,Card,3.45
3,Cash,120.3
8,Cash,45.6
5,Card,42.0
3,Card,66.0
3,Card,45.0
6,Cash,43.0
1,Card,12.5
5,Cash,42.0
1,Card,74.3
-4,Card,-5.0
50,Cash,0.0
4,Card,5.0
7,Cash,6000.0
0,Cash,0.0
]]></system-out>
  </testcase>
  <testcase name="add_payment_BVA_invalid_test_2" classname="pizzashop.service.PizzaServiceTest" time="0.003">
    <failure message="expected: not equal but was: &lt;9,Card,20.5&gt;" type="org.opentest4j.AssertionFailedError"><![CDATA[org.opentest4j.AssertionFailedError: expected: not equal but was: <9,Card,20.5>
	at pizzashop.service.PizzaServiceTest.add_payment_BVA_invalid_test_2(PizzaServiceTest.java:107)
]]></failure>
    <system-out><![CDATA[4,Cash,13.97
1,Card,3.45
3,Cash,120.3
8,Cash,45.6
5,Card,42.0
3,Card,66.0
3,Card,45.0
6,Cash,43.0
1,Card,12.5
5,Cash,42.0
1,Card,74.3
-4,Card,-5.0
50,Cash,0.0
4,Card,5.0
7,Cash,6000.0
0,Cash,0.0
9,Card,20.5
]]></system-out>
  </testcase>
</testsuite>